2024-09-09T16:16:34.124 ERROR Error Binding Publihser: Address not available
2024-09-09T16:16:34.451 ERROR [Device] Error reading position: invalid literal for int() with base 10: 'Not Connected'
2024-09-09T16:16:34.469 INFO Status published: {'absolute': True, 'alarm': 0, 'broker': 'Focuser160', 'cmd': {'clientId': 0, 'clientTransactionId': 0, 'clientName': '', 'action': ''}, 'connected': False, 'controller': 'Focuser160', 'device': '2ndMirror', 'error': '', 'homing': False, 'initialized': False, 'isMoving': False, 'maxSpeed': 500, 'maxStep': 50700, 'position': 0, 'tempComp': False, 'tempCompAvailable': False, 'temperature': 0, 'timestamp': '2024-09-09T13:16:34.469', 'version': '1.0.0'}
2024-09-09T16:16:35.000 ERROR [Device] Error reading position: invalid literal for int() with base 10: 'Not Connected'
2024-09-09T16:16:35.003 INFO Status published: {'absolute': True, 'alarm': 0, 'broker': 'Focuser160', 'cmd': {'clientId': 0, 'clientTransactionId': 0, 'clientName': '', 'action': ''}, 'connected': False, 'controller': 'Focuser160', 'device': '2ndMirror', 'error': '', 'homing': False, 'initialized': False, 'isMoving': False, 'maxSpeed': 500, 'maxStep': 50700, 'position': 0, 'tempComp': False, 'tempCompAvailable': False, 'temperature': 0, 'timestamp': '2024-09-09T13:16:35.003', 'version': '1.0.0'}
2024-09-09T16:16:40.165 INFO Status published: {'absolute': True, 'alarm': 0, 'broker': 'Focuser160', 'cmd': {'clientId': 0, 'clientTransactionId': 0, 'clientName': '', 'action': ''}, 'connected': False, 'controller': 'Focuser160', 'device': '2ndMirror', 'error': '', 'homing': False, 'initialized': False, 'isMoving': False, 'maxSpeed': 500, 'maxStep': 50700, 'position': 0, 'tempComp': False, 'tempCompAvailable': False, 'temperature': 0, 'timestamp': '2024-09-09T13:16:40.165', 'version': '1.0.0'}
2024-09-09T16:16:40.169 ERROR Error closing Publisher connection: No such file or directory
2024-09-09T16:16:40.169 ERROR Error closing Puller connection: 'App' object has no attribute 'puller'
2024-09-09T16:16:40.170 INFO Server Disconnecting
2024-09-09T16:18:15.307 ERROR Error Binding Publihser: Address not available
2024-09-09T16:18:15.633 ERROR [Device] Error reading position: invalid literal for int() with base 10: 'Not Connected'
2024-09-09T16:18:15.646 INFO Status published: {'absolute': True, 'alarm': 0, 'broker': 'Focuser160', 'cmd': {'clientId': 0, 'clientTransactionId': 0, 'clientName': '', 'action': ''}, 'connected': False, 'controller': 'Focuser160', 'device': '2ndMirror', 'error': '', 'homing': False, 'initialized': False, 'isMoving': False, 'maxSpeed': 500, 'maxStep': 50700, 'position': 0, 'tempComp': False, 'tempCompAvailable': False, 'temperature': 0, 'timestamp': '2024-09-09T13:18:15.633', 'version': '1.0.0'}
2024-09-09T16:18:16.000 ERROR [Device] Error reading position: invalid literal for int() with base 10: 'Not Connected'
2024-09-09T16:18:16.000 INFO Status published: {'absolute': True, 'alarm': 0, 'broker': 'Focuser160', 'cmd': {'clientId': 0, 'clientTransactionId': 0, 'clientName': '', 'action': ''}, 'connected': False, 'controller': 'Focuser160', 'device': '2ndMirror', 'error': '', 'homing': False, 'initialized': False, 'isMoving': False, 'maxSpeed': 500, 'maxStep': 50700, 'position': 0, 'tempComp': False, 'tempCompAvailable': False, 'temperature': 0, 'timestamp': '2024-09-09T13:18:16.000', 'version': '1.0.0'}
2024-09-09T16:18:22.287 ERROR [Device] Error reading position: invalid literal for int() with base 10: 'Not Connected'
2024-09-09T16:18:22.288 INFO Status published: {'absolute': True, 'alarm': 0, 'broker': 'Focuser160', 'cmd': {'clientId': 0, 'clientTransactionId': 0, 'clientName': '', 'action': ''}, 'connected': False, 'controller': 'Focuser160', 'device': '2ndMirror', 'error': '', 'homing': False, 'initialized': False, 'isMoving': False, 'maxSpeed': 500, 'maxStep': 50700, 'position': 0, 'tempComp': False, 'tempCompAvailable': False, 'temperature': 0, 'timestamp': '2024-09-09T13:18:22.287', 'version': '1.0.0'}
2024-09-09T16:18:23.000 ERROR [Device] Error reading position: invalid literal for int() with base 10: 'Not Connected'
2024-09-09T16:18:23.000 INFO Status published: {'absolute': True, 'alarm': 0, 'broker': 'Focuser160', 'cmd': {'clientId': 0, 'clientTransactionId': 0, 'clientName': '', 'action': ''}, 'connected': False, 'controller': 'Focuser160', 'device': '2ndMirror', 'error': '', 'homing': False, 'initialized': False, 'isMoving': False, 'maxSpeed': 500, 'maxStep': 50700, 'position': 0, 'tempComp': False, 'tempCompAvailable': False, 'temperature': 0, 'timestamp': '2024-09-09T13:18:23.000', 'version': '1.0.0'}
2024-09-09T16:18:28.253 INFO Status published: {'absolute': True, 'alarm': 0, 'broker': 'Focuser160', 'cmd': {'clientId': 0, 'clientTransactionId': 0, 'clientName': '', 'action': ''}, 'connected': False, 'controller': 'Focuser160', 'device': '2ndMirror', 'error': '', 'homing': False, 'initialized': False, 'isMoving': False, 'maxSpeed': 500, 'maxStep': 50700, 'position': 0, 'tempComp': False, 'tempCompAvailable': False, 'temperature': 0, 'timestamp': '2024-09-09T13:18:28.253', 'version': '1.0.0'}
2024-09-09T16:18:28.257 ERROR Error closing Publisher connection: No such file or directory
2024-09-09T16:18:28.257 ERROR Error closing Puller connection: 'App' object has no attribute 'puller'
2024-09-09T16:18:28.258 INFO Server Disconnecting
